#
# There is insufficient memory for the Java Runtime Environment to continue.
# Native memory allocation (mmap) failed to map 536870912 bytes. Error detail: G1 virtual space
# Possible reasons:
#   The system is out of physical RAM or swap space
#   This process is running with CompressedOops enabled, and the Java Heap may be blocking the growth of the native heap
# Possible solutions:
#   Reduce memory load on the system
#   Increase physical memory or swap space
#   Check if swap backing store is full
#   Decrease Java heap size (-Xmx/-Xms)
#   Decrease number of Java threads
#   Decrease Java thread stack sizes (-Xss)
#   Set larger code cache with -XX:ReservedCodeCacheSize=
#   JVM is running with Zero Based Compressed Oops mode in which the Java heap is
#     placed in the first 32GB address space. The Java Heap base address is the
#     maximum limit for the native heap growth. Please use -XX:HeapBaseMinAddress
#     to set the Java Heap base and to place the Java Heap above 32GB virtual address.
# This output file may be truncated or incomplete.
#
#  Out of Memory Error (os_windows.cpp:3898), pid=32464, tid=26228
#
# JRE version:  (21.0.6) (build )
# Java VM: OpenJDK 64-Bit Server VM (21.0.6+-13368085-b895.109, mixed mode, sharing, tiered, compressed oops, compressed class ptrs, g1 gc, windows-amd64)
# No core dump will be written. Minidumps are not enabled by default on client versions of Windows
#

---------------  S U M M A R Y ------------

Command Line: com.google.prefab.cli.AppKt --build-system cmake --platform android --abi x86 --os-version 24 --stl c++_shared --ndk-version 27 --output C:\\Users\\ALEXAN~1\\AppData\\Local\\Temp\\agp-prefab-staging17105067265713466154\\staged-cli-output C:\\Users\\Alexander\\.gradle\\caches\\8.13\\transforms\\48de17ae001fd5f1bcfd4007338aaa12\\transformed\\react-android-0.79.2-release\\prefab C:\\Users\\Alexander\\.gradle\\caches\\8.13\\transforms\\532fdff9465dd631d517bd26502bc504\\transformed\\hermes-android-0.79.2-release\\prefab C:\\Users\\Alexander\\.gradle\\caches\\8.13\\transforms\\72cde7dc85b5006383f56c98fcfedfa5\\transformed\\fbjni-0.7.0\\prefab

Host: AMD Ryzen 5 3600 6-Core Processor              , 12 cores, 31G,  Windows 10 , 64 bit Build 19041 (10.0.19041.5794)
Time: Sat May 31 20:03:52 2025 RTZ 2 (s 10 , 64 bit Build 19041 (10.0.19041.5794) elapsed time: 0.011439 seconds (0d 0h 0m 0s)

---------------  T H R E A D  ---------------

Current thread (0x0000023e7b8cfe40):  JavaThread "Unknown thread" [_thread_in_vm, id=26228, stack(0x0000005f30300000,0x0000005f30400000) (1024K)]

Stack: [0x0000005f30300000,0x0000005f30400000]
Native frames: (J=compiled Java code, j=interpreted, Vv=VM code, C=native code)
V  [jvm.dll+0x6d0639]
V  [jvm.dll+0x85eb03]
V  [jvm.dll+0x86105e]
V  [jvm.dll+0x861743]
V  [jvm.dll+0x27e6e6]
V  [jvm.dll+0x6ccfd5]
V  [jvm.dll+0x6c0a8a]
V  [jvm.dll+0x35537b]
V  [jvm.dll+0x35cfd6]
V  [jvm.dll+0x3aef86]
V  [jvm.dll+0x3af258]
V  [jvm.dll+0x327a2c]
V  [jvm.dll+0x32871b]
V  [jvm.dll+0x826549]
V  [jvm.dll+0x3bc158]
V  [jvm.dll+0x80f7f8]
V  [jvm.dll+0x45035e]
V  [jvm.dll+0x451ac1]
C  [jli.dll+0x52ab]
C  [ucrtbase.dll+0x21bb2]
C  [KERNEL32.DLL+0x17374]
C  [ntdll.dll+0x4cc91]


---------------  P R O C E S S  ---------------

Threads class SMR info:
_java_thread_list=0x00007ff9abf21848, length=0, elements={
}

Java Threads: ( => current thread )
Total: 0

Other Threads:
  0x0000023e7dba4160 WorkerThread "GC Thread#0"                     [id=2112, stack(0x0000005f30400000,0x0000005f30500000) (1024K)]
  0x0000023e7dbb5150 ConcurrentGCThread "G1 Main Marker"            [id=23208, stack(0x0000005f30500000,0x0000005f30600000) (1024K)]
  0x0000023e7dbb6b10 WorkerThread "G1 Conc#0"                       [id=29964, stack(0x0000005f30600000,0x0000005f30700000) (1024K)]

[error occurred during error reporting (printing all threads), id 0xc0000005, EXCEPTION_ACCESS_VIOLATION (0xc0000005) at pc=0x00007ff9ab71aa87]
VM state: not at safepoint (not fully initialized)

VM Mutex/Monitor currently owned by a thread:  ([mutex/lock_event])
[0x00007ff9abf8e4a0] Heap_lock - owner thread: 0x0000023e7b8cfe40

Heap address: 0x0000000600c00000, size: 8180 MB, Compressed Oops mode: Zero based, Oop shift amount: 3

CDS archive(s) mapped at: [0x0000000000000000-0x0000000000000000-0x0000000000000000), size 0, SharedBaseAddress: 0x0000000800000000, ArchiveRelocationMode: 1.
Narrow klass base: 0x0000000000000000, Narrow klass shift: 0, Narrow klass range: 0x0

GC Precious Log:
 CardTable entry size: 512
 Card Set container configuration: InlinePtr #cards 4 size 8 Array Of Cards #cards 32 size 80 Howl #buckets 8 coarsen threshold 7372 Howl Bitmap #cards 1024 size 144 coarsen threshold 921 Card regions per heap region 1 cards per card region 8192

Heap:
 garbage-first heap   total 0K, used 0K [0x0000000600c00000, 0x0000000800000000)
  region size 4096K, 0 young (0K), 0 survivors (0K)
 Metaspace       used 0K, committed 0K, reserved 0K
  class space    used 0K, committed 0K, reserved 0K

Heap Regions: E=young(eden), S=young(survivor), O=old, HS=humongous(starts), HC=humongous(continues), CS=collection set, F=free, TAMS=top-at-mark-start, PB=parsable bottom

Card table byte_map: [0x0000023e12090000,0x0000023e13090000] _byte_map_base: 0x0000023e0f08a000

Marking Bits: (CMBitMap*) 0x0000023e7dba4770
 Bits: [0x0000023e13090000, 0x0000023e1b060000)

GC Heap History (0 events):
No events

Dll operation events (1 events):
Event: 0.006 Loaded shared library C:\Program Files\Android\Android Studio\jbr\bin\java.dll

Deoptimization events (0 events):
No events

Classes loaded (0 events):
No events

Classes unloaded (0 events):
No events

Classes redefined (0 events):
No events

Internal exceptions (0 events):
No events

ZGC Phase Switch (0 events):
No events

VM Operations (0 events):
No events

Memory protections (0 events):
No events

Nmethod flushes (0 events):
No events

Events (0 events):
No events


Dynamic libraries:
0x00007ff6d63d0000 - 0x00007ff6d63da000 	C:\Program Files\Android\Android Studio\jbr\bin\java.exe
0x00007ffa52af0000 - 0x00007ffa52ce8000 	C:\Windows\SYSTEM32\ntdll.dll
0x00007ffa50e80000 - 0x00007ffa50f42000 	C:\Windows\System32\KERNEL32.DLL
0x00007ffa50720000 - 0x00007ffa50a16000 	C:\Windows\System32\KERNELBASE.dll
0x00007ffa502b0000 - 0x00007ffa503b0000 	C:\Windows\System32\ucrtbase.dll
0x00007ffa34b00000 - 0x00007ffa34b18000 	C:\Program Files\Android\Android Studio\jbr\bin\jli.dll
0x00007ffa440a0000 - 0x00007ffa440bb000 	C:\Program Files\Android\Android Studio\jbr\bin\VCRUNTIME140.dll
0x00007ffa514e0000 - 0x00007ffa5167d000 	C:\Windows\System32\USER32.dll
0x00007ffa3ed20000 - 0x00007ffa3efba000 	C:\Windows\WinSxS\amd64_microsoft.windows.common-controls_6595b64144ccf1df_6.0.19041.5794_none_60bcd33171f2783c\COMCTL32.dll
0x00007ffa503e0000 - 0x00007ffa50402000 	C:\Windows\System32\win32u.dll
0x00007ffa51d90000 - 0x00007ffa51e2e000 	C:\Windows\System32\msvcrt.dll
0x00007ffa52a80000 - 0x00007ffa52aab000 	C:\Windows\System32\GDI32.dll
0x00007ffa50190000 - 0x00007ffa502aa000 	C:\Windows\System32\gdi32full.dll
0x00007ffa50680000 - 0x00007ffa5071d000 	C:\Windows\System32\msvcp_win.dll
0x00007ffa514b0000 - 0x00007ffa514df000 	C:\Windows\System32\IMM32.DLL
0x00007ffa4d390000 - 0x00007ffa4d39c000 	C:\Program Files\Android\Android Studio\jbr\bin\vcruntime140_1.dll
0x00007ffa13e10000 - 0x00007ffa13e9d000 	C:\Program Files\Android\Android Studio\jbr\bin\msvcp140.dll
0x00007ff9ab3e0000 - 0x00007ff9ac06b000 	C:\Program Files\Android\Android Studio\jbr\bin\server\jvm.dll
0x00007ffa51e30000 - 0x00007ffa51edf000 	C:\Windows\System32\ADVAPI32.dll
0x00007ffa51690000 - 0x00007ffa5172f000 	C:\Windows\System32\sechost.dll
0x00007ffa51ee0000 - 0x00007ffa52003000 	C:\Windows\System32\RPCRT4.dll
0x00007ffa503b0000 - 0x00007ffa503d7000 	C:\Windows\System32\bcrypt.dll
0x00007ffa52960000 - 0x00007ffa529cb000 	C:\Windows\System32\WS2_32.dll
0x00007ffa4f720000 - 0x00007ffa4f76b000 	C:\Windows\SYSTEM32\POWRPROF.dll
0x00007ffa42ed0000 - 0x00007ffa42ef7000 	C:\Windows\SYSTEM32\WINMM.dll
0x00007ffa47730000 - 0x00007ffa4773a000 	C:\Windows\SYSTEM32\VERSION.dll
0x00007ffa4f590000 - 0x00007ffa4f5a2000 	C:\Windows\SYSTEM32\UMPDC.dll
0x00007ffa4e9d0000 - 0x00007ffa4e9e2000 	C:\Windows\SYSTEM32\kernel.appcore.dll
0x00007ffa4ceb0000 - 0x00007ffa4ceba000 	C:\Program Files\Android\Android Studio\jbr\bin\jimage.dll
0x00007ffa4dd00000 - 0x00007ffa4df01000 	C:\Windows\SYSTEM32\DBGHELP.DLL
0x00007ffa34ac0000 - 0x00007ffa34af4000 	C:\Windows\SYSTEM32\dbgcore.DLL
0x00007ffa50410000 - 0x00007ffa50492000 	C:\Windows\System32\bcryptPrimitives.dll
0x00007ffa37700000 - 0x00007ffa37720000 	C:\Program Files\Android\Android Studio\jbr\bin\java.dll

dbghelp: loaded successfully - version: 4.0.5 - missing functions: none
symbol engine: initialized successfully - sym options: 0x614 - pdb path: .;C:\Program Files\Android\Android Studio\jbr\bin;C:\Windows\SYSTEM32;C:\Windows\WinSxS\amd64_microsoft.windows.common-controls_6595b64144ccf1df_6.0.19041.5794_none_60bcd33171f2783c;C:\Program Files\Android\Android Studio\jbr\bin\server

VM Arguments:
java_command: com.google.prefab.cli.AppKt --build-system cmake --platform android --abi x86 --os-version 24 --stl c++_shared --ndk-version 27 --output C:\\Users\\ALEXAN~1\\AppData\\Local\\Temp\\agp-prefab-staging17105067265713466154\\staged-cli-output C:\\Users\\Alexander\\.gradle\\caches\\8.13\\transforms\\48de17ae001fd5f1bcfd4007338aaa12\\transformed\\react-android-0.79.2-release\\prefab C:\\Users\\Alexander\\.gradle\\caches\\8.13\\transforms\\532fdff9465dd631d517bd26502bc504\\transformed\\hermes-android-0.79.2-release\\prefab C:\\Users\\Alexander\\.gradle\\caches\\8.13\\transforms\\72cde7dc85b5006383f56c98fcfedfa5\\transformed\\fbjni-0.7.0\\prefab
java_class_path (initial): C:\\Users\\Alexander\\.gradle\\caches\\modules-2\\files-2.1\\com.google.prefab\\cli\\2.1.0\\aa32fec809c44fa531f01dcfb739b5b3304d3050\\cli-2.1.0-all.jar
Launcher Type: SUN_STANDARD

[Global flags]
     intx CICompilerCount                          = 4                                         {product} {ergonomic}
     uint ConcGCThreads                            = 3                                         {product} {ergonomic}
     uint G1ConcRefinementThreads                  = 10                                        {product} {ergonomic}
   size_t G1HeapRegionSize                         = 4194304                                   {product} {ergonomic}
    uintx GCDrainStackTargetSize                   = 64                                        {product} {ergonomic}
   size_t InitialHeapSize                          = 536870912                                 {product} {ergonomic}
   size_t MarkStackSize                            = 4194304                                   {product} {ergonomic}
   size_t MaxHeapSize                              = 8577351680                                {product} {ergonomic}
   size_t MinHeapDeltaBytes                        = 4194304                                   {product} {ergonomic}
   size_t MinHeapSize                              = 8388608                                   {product} {ergonomic}
    uintx NonNMethodCodeHeapSize                   = 5839372                                {pd product} {ergonomic}
    uintx NonProfiledCodeHeapSize                  = 122909434                              {pd product} {ergonomic}
    uintx ProfiledCodeHeapSize                     = 122909434                              {pd product} {ergonomic}
    uintx ReservedCodeCacheSize                    = 251658240                              {pd product} {ergonomic}
     bool SegmentedCodeCache                       = true                                      {product} {ergonomic}
   size_t SoftMaxHeapSize                          = 8577351680                             {manageable} {ergonomic}
     bool UseCompressedOops                        = true                           {product lp64_product} {ergonomic}
     bool UseG1GC                                  = true                                      {product} {ergonomic}
     bool UseLargePagesIndividualAllocation        = false                                  {pd product} {ergonomic}

Logging:
Log output configuration:
 #0: stdout all=warning uptime,level,tags foldmultilines=false
 #1: stderr all=off uptime,level,tags foldmultilines=false

Environment Variables:
PATH=C:\Program Files\Common Files\Oracle\Java\javapath;C:\Program Files (x86)\Common Files\Oracle\Java\java8path;C:\Program Files (x86)\Common Files\Oracle\Java\javapath;C:\Windows\system32;C:\Windows;C:\Windows\System32\Wbem;C:\Windows\System32\WindowsPowerShell\v1.0\;C:\Windows\System32\OpenSSH\;C:\Program Files\dotnet\;C:\Users\Alexander\AppData\Roaming\nvm;C:\nvm4w\nodejs;C:\Program Files\NVIDIA Corporation\NVIDIA App\NvDLISR;C:\Program Files\Git\cmd;C:\Program Files (x86)\Common Files\Acronis\SnapAPI\;C:\Users\Alexander\dev\flutter\bin;C:\Users\Alexander\AppData\Local\Microsoft\WindowsApps;C:\Users\Alexander\AppData\Roaming\nvm;C:\nvm4w\nodejs;F:\Microsoft VS Code\bin;C:\Users\Alexander\.dotnet\tools;C:\Program Files\JetBrains\WebStorm 2025.1\bin;;
USERNAME=Alexander
OS=Windows_NT
PROCESSOR_IDENTIFIER=AMD64 Family 23 Model 113 Stepping 0, AuthenticAMD
TMP=C:\Users\ALEXAN~1\AppData\Local\Temp
TEMP=C:\Users\ALEXAN~1\AppData\Local\Temp




Periodic native trim disabled

JNI global refs:
JNI global refs: 0, weak refs: 0

JNI global refs memory usage: 0, weak refs: 0

Process memory usage:
Resident Set Size: 11016K (0% of 33501540K total physical memory with 3410412K free physical memory)

OOME stack traces (most recent first):
Classloader memory used:

---------------  S Y S T E M  ---------------

OS:
 Windows 10 , 64 bit Build 19041 (10.0.19041.5794)
OS uptime: 10 days 4:06 hours

CPU: total 12 (initial active 12) (12 cores per cpu, 2 threads per core) family 23 model 113 stepping 0 microcode 0x0, cx8, cmov, fxsr, ht, mmx, 3dnowpref, sse, sse2, sse3, ssse3, sse4a, sse4.1, sse4.2, popcnt, lzcnt, tsc, tscinvbit, avx, avx2, aes, clmul, bmi1, bmi2, adx, sha, fma, vzeroupper, clflush, clflushopt, rdtscp, rdpid, f16c
Processor Information for the first 12 processors :
  Max Mhz: 3593, Current Mhz: 3593, Mhz Limit: 3593

Memory: 4k page, system-wide physical 32716M (3330M free)
TotalPageFile size 58966M (AvailPageFile size 531M)
current process WorkingSet (physical memory assigned to process): 10M, peak: 10M
current process commit charge ("private bytes"): 64M, peak: 576M

vm_info: OpenJDK 64-Bit Server VM (21.0.6+-13368085-b895.109) for windows-amd64 JRE (21.0.6+-13368085-b895.109), built on 2025-04-16T17:01:31Z by "builder" with MS VC++ 16.10 / 16.11 (VS2019)

END.
